TN:
SF:src\DnsCache.ts
FN:24,(anonymous_8)
FN:34,(anonymous_9)
FN:35,(anonymous_11)
FN:42,(anonymous_12)
FN:54,(anonymous_14)
FN:59,(anonymous_15)
FN:63,(anonymous_16)
FNF:7
FNH:7
FNDA:27,(anonymous_8)
FNDA:2,(anonymous_9)
FNDA:4,(anonymous_11)
FNDA:11,(anonymous_12)
FNDA:1,(anonymous_14)
FNDA:3,(anonymous_15)
FNDA:1,(anonymous_16)
DA:1,2
DA:2,2
DA:5,2
DA:8,2
DA:19,2
DA:20,27
DA:25,27
DA:26,27
DA:35,4
DA:43,11
DA:44,11
DA:45,11
DA:46,1
DA:48,10
DA:49,9
DA:50,9
DA:55,1
DA:60,3
DA:64,1
LF:19
LH:19
BRDA:24,0,0,0
BRDA:24,1,0,0
BRDA:45,2,0,1
BRDA:45,3,0,11
BRDA:45,3,1,2
BRF:5
BRH:3
end_of_record
TN:
SF:src\PingMonitor.ts
FN:50,(anonymous_7)
FN:60,(anonymous_8)
FN:70,(anonymous_9)
FN:73,(anonymous_10)
FN:85,(anonymous_11)
FN:93,(anonymous_13)
FN:97,(anonymous_14)
FN:105,(anonymous_15)
FN:110,(anonymous_16)
FN:115,(anonymous_17)
FN:119,(anonymous_18)
FN:144,(anonymous_19)
FNF:12
FNH:12
FNDA:20,(anonymous_7)
FNDA:10,(anonymous_8)
FNDA:5,(anonymous_9)
FNDA:2,(anonymous_10)
FNDA:14,(anonymous_11)
FNDA:1,(anonymous_13)
FNDA:15,(anonymous_14)
FNDA:2,(anonymous_15)
FNDA:15,(anonymous_16)
FNDA:3,(anonymous_17)
FNDA:17,(anonymous_18)
FNDA:17,(anonymous_19)
DA:1,1
DA:8,1
DA:21,1
DA:42,1
DA:45,20
DA:46,20
DA:47,20
DA:48,20
DA:51,20
DA:52,20
DA:53,20
DA:61,10
DA:62,10
DA:71,5
DA:73,5
DA:74,2
DA:75,1
DA:78,5
DA:86,14
DA:87,14
DA:89,1
DA:92,14
DA:93,14
DA:98,15
DA:99,14
DA:100,14
DA:106,2
DA:111,15
DA:116,3
DA:120,17
DA:121,17
DA:123,17
DA:124,4
DA:125,4
DA:126,3
DA:127,3
DA:131,17
DA:136,17
DA:137,17
DA:139,17
DA:140,17
DA:141,16
DA:145,17
DA:146,10
DA:147,9
DA:148,8
LF:46
LH:46
BRDA:50,0,0,14
BRDA:74,1,0,1
BRDA:74,2,0,0
BRDA:74,2,1,2
BRDA:74,3,0,2
BRDA:74,3,1,2
BRDA:89,4,0,1
BRDA:89,4,1,0
BRDA:98,5,0,14
BRDA:120,6,0,11
BRDA:120,6,1,6
BRDA:120,7,0,17
BRDA:120,7,1,17
BRDA:120,8,0,6
BRDA:120,8,1,11
BRDA:120,9,0,17
BRDA:120,9,1,11
BRDA:125,10,0,3
BRDA:140,11,0,1
BRDA:140,11,1,16
BRDA:141,12,0,1
BRDA:145,13,0,7
BRDA:146,14,0,1
BRDA:147,15,0,1
BRF:24
BRH:22
end_of_record
